Move disk 0 : A ---> B : 00000001
Move disk 1 : A ---> C : 00000010
Move disk 0 : B ---> C : 00000011
Move disk 2 : A ---> B : 00000100
Move disk 0 : C ---> A : 00000101
Move disk 1 : C ---> B : 00000110
Move disk 0 : A ---> B : 00000111
Move disk 3 : A ---> C : 00001000
Move disk 0 : B ---> C : 00001001
Move disk 1 : B ---> A : 00001010
Move disk 0 : C ---> A : 00001011
Move disk 2 : B ---> C : 00001100
Move disk 0 : A ---> B : 00001101
Move disk 1 : A ---> C : 00001110
Move disk 0 : B ---> C : 00001111
Move disk 4 : A ---> B : 00010000
Move disk 0 : C ---> A : 00010001
Move disk 1 : C ---> B : 00010010
Move disk 0 : A ---> B : 00010011
Move disk 2 : C ---> A : 00010100
Move disk 0 : B ---> C : 00010101
Move disk 1 : B ---> A : 00010110
Move disk 0 : C ---> A : 00010111
Move disk 3 : C ---> B : 00011000
Move disk 0 : A ---> B : 00011001
Move disk 1 : A ---> C : 00011010
Move disk 0 : B ---> C : 00011011
Move disk 2 : A ---> B : 00011100
Move disk 0 : C ---> A : 00011101
Move disk 1 : C ---> B : 00011110
Move disk 0 : A ---> B : 00011111
Move disk 5 : A ---> C : 00100000
Move disk 0 : B ---> C : 00100001
Move disk 1 : B ---> A : 00100010
Move disk 0 : C ---> A : 00100011
Move disk 2 : B ---> C : 00100100
Move disk 0 : A ---> B : 00100101
Move disk 1 : A ---> C : 00100110
Move disk 0 : B ---> C : 00100111
Move disk 3 : B ---> A : 00101000
Move disk 0 : C ---> A : 00101001
Move disk 1 : C ---> B : 00101010
Move disk 0 : A ---> B : 00101011
Move disk 2 : C ---> A : 00101100
Move disk 0 : B ---> C : 00101101
Move disk 1 : B ---> A : 00101110
Move disk 0 : C ---> A : 00101111
Move disk 4 : B ---> C : 00110000
Move disk 0 : A ---> B : 00110001
Move disk 1 : A ---> C : 00110010
Move disk 0 : B ---> C : 00110011
Move disk 2 : A ---> B : 00110100
Move disk 0 : C ---> A : 00110101
Move disk 1 : C ---> B : 00110110
Move disk 0 : A ---> B : 00110111
Move disk 3 : A ---> C : 00111000
Move disk 0 : B ---> C : 00111001
Move disk 1 : B ---> A : 00111010
Move disk 0 : C ---> A : 00111011
Move disk 2 : B ---> C : 00111100
Move disk 0 : A ---> B : 00111101
Move disk 1 : A ---> C : 00111110
Move disk 0 : B ---> C : 00111111
Move disk 6 : A ---> B : 01000000
Move disk 0 : C ---> A : 01000001
Move disk 1 : C ---> B : 01000010
Move disk 0 : A ---> B : 01000011
Move disk 2 : C ---> A : 01000100
Move disk 0 : B ---> C : 01000101
Move disk 1 : B ---> A : 01000110
Move disk 0 : C ---> A : 01000111
Move disk 3 : C ---> B : 01001000
Move disk 0 : A ---> B : 01001001
Move disk 1 : A ---> C : 01001010
Move disk 0 : B ---> C : 01001011
Move disk 2 : A ---> B : 01001100
Move disk 0 : C ---> A : 01001101
Move disk 1 : C ---> B : 01001110
Move disk 0 : A ---> B : 01001111
Move disk 4 : C ---> A : 01010000
Move disk 0 : B ---> C : 01010001
Move disk 1 : B ---> A : 01010010
Move disk 0 : C ---> A : 01010011
Move disk 2 : B ---> C : 01010100
Move disk 0 : A ---> B : 01010101
Move disk 1 : A ---> C : 01010110
Move disk 0 : B ---> C : 01010111
Move disk 3 : B ---> A : 01011000
Move disk 0 : C ---> A : 01011001
Move disk 1 : C ---> B : 01011010
Move disk 0 : A ---> B : 01011011
Move disk 2 : C ---> A : 01011100
Move disk 0 : B ---> C : 01011101
Move disk 1 : B ---> A : 01011110
Move disk 0 : C ---> A : 01011111
Move disk 5 : C ---> B : 01100000
Move disk 0 : A ---> B : 01100001
Move disk 1 : A ---> C : 01100010
Move disk 0 : B ---> C : 01100011
Move disk 2 : A ---> B : 01100100
Move disk 0 : C ---> A : 01100101
Move disk 1 : C ---> B : 01100110
Move disk 0 : A ---> B : 01100111
Move disk 3 : A ---> C : 01101000
Move disk 0 : B ---> C : 01101001
Move disk 1 : B ---> A : 01101010
Move disk 0 : C ---> A : 01101011
Move disk 2 : B ---> C : 01101100
Move disk 0 : A ---> B : 01101101
Move disk 1 : A ---> C : 01101110
Move disk 0 : B ---> C : 01101111
Move disk 4 : A ---> B : 01110000
Move disk 0 : C ---> A : 01110001
Move disk 1 : C ---> B : 01110010
Move disk 0 : A ---> B : 01110011
Move disk 2 : C ---> A : 01110100
Move disk 0 : B ---> C : 01110101
Move disk 1 : B ---> A : 01110110
Move disk 0 : C ---> A : 01110111
Move disk 3 : C ---> B : 01111000
Move disk 0 : A ---> B : 01111001
Move disk 1 : A ---> C : 01111010
Move disk 0 : B ---> C : 01111011
Move disk 2 : A ---> B : 01111100
Move disk 0 : C ---> A : 01111101
Move disk 1 : C ---> B : 01111110
Move disk 0 : A ---> B : 01111111
Move disk 7 : A ---> C : 10000000
Move disk 0 : B ---> C : 10000001
Move disk 1 : B ---> A : 10000010
Move disk 0 : C ---> A : 10000011
Move disk 2 : B ---> C : 10000100
Move disk 0 : A ---> B : 10000101
Move disk 1 : A ---> C : 10000110
Move disk 0 : B ---> C : 10000111
Move disk 3 : B ---> A : 10001000
Move disk 0 : C ---> A : 10001001
Move disk 1 : C ---> B : 10001010
Move disk 0 : A ---> B : 10001011
Move disk 2 : C ---> A : 10001100
Move disk 0 : B ---> C : 10001101
Move disk 1 : B ---> A : 10001110
Move disk 0 : C ---> A : 10001111
Move disk 4 : B ---> C : 10010000
Move disk 0 : A ---> B : 10010001
Move disk 1 : A ---> C : 10010010
Move disk 0 : B ---> C : 10010011
Move disk 2 : A ---> B : 10010100
Move disk 0 : C ---> A : 10010101
Move disk 1 : C ---> B : 10010110
Move disk 0 : A ---> B : 10010111
Move disk 3 : A ---> C : 10011000
Move disk 0 : B ---> C : 10011001
Move disk 1 : B ---> A : 10011010
Move disk 0 : C ---> A : 10011011
Move disk 2 : B ---> C : 10011100
Move disk 0 : A ---> B : 10011101
Move disk 1 : A ---> C : 10011110
Move disk 0 : B ---> C : 10011111
Move disk 5 : B ---> A : 10100000
Move disk 0 : C ---> A : 10100001
Move disk 1 : C ---> B : 10100010
Move disk 0 : A ---> B : 10100011
Move disk 2 : C ---> A : 10100100
Move disk 0 : B ---> C : 10100101
Move disk 1 : B ---> A : 10100110
Move disk 0 : C ---> A : 10100111
Move disk 3 : C ---> B : 10101000
Move disk 0 : A ---> B : 10101001
Move disk 1 : A ---> C : 10101010
Move disk 0 : B ---> C : 10101011
Move disk 2 : A ---> B : 10101100
Move disk 0 : C ---> A : 10101101
Move disk 1 : C ---> B : 10101110
Move disk 0 : A ---> B : 10101111
Move disk 4 : C ---> A : 10110000
Move disk 0 : B ---> C : 10110001
Move disk 1 : B ---> A : 10110010
Move disk 0 : C ---> A : 10110011
Move disk 2 : B ---> C : 10110100
Move disk 0 : A ---> B : 10110101
Move disk 1 : A ---> C : 10110110
Move disk 0 : B ---> C : 10110111
Move disk 3 : B ---> A : 10111000
Move disk 0 : C ---> A : 10111001
Move disk 1 : C ---> B : 10111010
Move disk 0 : A ---> B : 10111011
Move disk 2 : C ---> A : 10111100
Move disk 0 : B ---> C : 10111101
Move disk 1 : B ---> A : 10111110
Move disk 0 : C ---> A : 10111111
Move disk 6 : B ---> C : 11000000
Move disk 0 : A ---> B : 11000001
Move disk 1 : A ---> C : 11000010
Move disk 0 : B ---> C : 11000011
Move disk 2 : A ---> B : 11000100
Move disk 0 : C ---> A : 11000101
Move disk 1 : C ---> B : 11000110
Move disk 0 : A ---> B : 11000111
Move disk 3 : A ---> C : 11001000
Move disk 0 : B ---> C : 11001001
Move disk 1 : B ---> A : 11001010
Move disk 0 : C ---> A : 11001011
Move disk 2 : B ---> C : 11001100
Move disk 0 : A ---> B : 11001101
Move disk 1 : A ---> C : 11001110
Move disk 0 : B ---> C : 11001111
Move disk 4 : A ---> B : 11010000
Move disk 0 : C ---> A : 11010001
Move disk 1 : C ---> B : 11010010
Move disk 0 : A ---> B : 11010011
Move disk 2 : C ---> A : 11010100
Move disk 0 : B ---> C : 11010101
Move disk 1 : B ---> A : 11010110
Move disk 0 : C ---> A : 11010111
Move disk 3 : C ---> B : 11011000
Move disk 0 : A ---> B : 11011001
Move disk 1 : A ---> C : 11011010
Move disk 0 : B ---> C : 11011011
Move disk 2 : A ---> B : 11011100
Move disk 0 : C ---> A : 11011101
Move disk 1 : C ---> B : 11011110
Move disk 0 : A ---> B : 11011111
Move disk 5 : A ---> C : 11100000
Move disk 0 : B ---> C : 11100001
Move disk 1 : B ---> A : 11100010
Move disk 0 : C ---> A : 11100011
Move disk 2 : B ---> C : 11100100
Move disk 0 : A ---> B : 11100101
Move disk 1 : A ---> C : 11100110
Move disk 0 : B ---> C : 11100111
Move disk 3 : B ---> A : 11101000
Move disk 0 : C ---> A : 11101001
Move disk 1 : C ---> B : 11101010
Move disk 0 : A ---> B : 11101011
Move disk 2 : C ---> A : 11101100
Move disk 0 : B ---> C : 11101101
Move disk 1 : B ---> A : 11101110
Move disk 0 : C ---> A : 11101111
Move disk 4 : B ---> C : 11110000
Move disk 0 : A ---> B : 11110001
Move disk 1 : A ---> C : 11110010
Move disk 0 : B ---> C : 11110011
Move disk 2 : A ---> B : 11110100
Move disk 0 : C ---> A : 11110101
Move disk 1 : C ---> B : 11110110
Move disk 0 : A ---> B : 11110111
Move disk 3 : A ---> C : 11111000
Move disk 0 : B ---> C : 11111001
Move disk 1 : B ---> A : 11111010
Move disk 0 : C ---> A : 11111011
Move disk 2 : B ---> C : 11111100
Move disk 0 : A ---> B : 11111101
Move disk 1 : A ---> C : 11111110
Move disk 0 : B ---> C : 11111111
