1 2 3 24
1 2 4 23
1 2 5 22
1 2 6 21
1 2 7 20
1 2 8 19
1 2 9 18
1 2 10 17
1 2 11 16
1 2 12 15
1 2 13 14
1 3 4 24
1 3 5 23
1 3 6 22
1 3 7 21
1 3 8 20
1 3 9 19
1 3 10 18
1 3 11 17
1 3 12 16
1 3 13 15
1 4 5 24
1 4 6 23
1 4 7 22
1 4 8 21
1 4 9 20
1 4 10 19
1 4 11 18
1 4 12 17
1 4 13 16
1 4 14 15
1 5 6 24
1 5 7 23
1 5 8 22
1 5 9 21
1 5 10 20
1 5 11 19
1 5 12 18
1 5 13 17
1 5 14 16
1 6 7 24
1 6 8 23
1 6 9 22
1 6 10 21
1 6 11 20
1 6 12 19
1 6 13 18
1 6 14 17
1 6 15 16
1 7 8 24
1 7 9 23
1 7 10 22
1 7 11 21
1 7 12 20
1 7 13 19
1 7 14 18
1 7 15 17
1 8 9 24
1 8 10 23
1 8 11 22
1 8 12 21
1 8 13 20
1 8 14 19
1 8 15 18
1 8 16 17
1 9 10 24
1 9 11 23
1 9 12 22
1 9 13 21
1 9 14 20
1 9 15 19
1 9 16 18
1 10 11 24
1 10 12 23
1 10 13 22
1 10 14 21
1 10 15 20
1 10 16 19
1 10 17 18
1 11 12 24
1 11 13 23
1 11 14 22
1 11 15 21
1 11 16 20
1 11 17 19
1 12 13 24
1 12 14 23
1 12 15 22
1 12 16 21
1 12 17 20
1 12 18 19
1 13 14 24
1 13 15 23
1 13 16 22
1 13 17 21
1 13 18 20
1 14 15 24
1 14 16 23
1 14 17 22
1 14 18 21
1 14 19 20
1 15 16 24
1 15 17 23
1 15 18 22
1 15 19 21
1 16 17 24
1 16 18 23
1 16 19 22
1 16 20 21
1 17 18 24
1 17 19 23
1 17 20 22
1 18 19 24
1 18 20 23
1 18 21 22
1 19 20 24
1 19 21 23
1 20 21 24
1 20 22 23
1 21 22 24
1 22 23 24
2 3 5 24
2 3 6 23
2 3 7 22
2 3 8 21
2 3 9 20
2 3 10 19
2 3 11 18
2 3 12 17
2 3 13 16
2 3 14 15
2 4 6 24
2 4 7 23
2 4 8 22
2 4 9 21
2 4 10 20
2 4 11 19
2 4 12 18
2 4 13 17
2 4 14 16
2 5 7 24
2 5 8 23
2 5 9 22
2 5 10 21
2 5 11 20
2 5 12 19
2 5 13 18
2 5 14 17
2 5 15 16
2 6 8 24
2 6 9 23
2 6 10 22
2 6 11 21
2 6 12 20
2 6 13 19
2 6 14 18
2 6 15 17
2 7 9 24
2 7 10 23
2 7 11 22
2 7 12 21
2 7 13 20
2 7 14 19
2 7 15 18
2 7 16 17
2 8 10 24
2 8 11 23
2 8 12 22
2 8 13 21
2 8 14 20
2 8 15 19
2 8 16 18
2 9 11 24
2 9 12 23
2 9 13 22
2 9 14 21
2 9 15 20
2 9 16 19
2 9 17 18
2 10 12 24
2 10 13 23
2 10 14 22
2 10 15 21
2 10 16 20
2 10 17 19
2 11 13 24
2 11 14 23
2 11 15 22
2 11 16 21
2 11 17 20
2 11 18 19
2 12 14 24
2 12 15 23
2 12 16 22
2 12 17 21
2 12 18 20
2 13 15 24
2 13 16 23
2 13 17 22
2 13 18 21
2 13 19 20
2 14 16 24
2 14 17 23
2 14 18 22
2 14 19 21
2 15 17 24
2 15 18 23
2 15 19 22
2 15 20 21
2 16 18 24
2 16 19 23
2 16 20 22
2 17 19 24
2 17 20 23
2 17 21 22
2 18 20 24
2 18 21 23
2 19 21 24
2 19 22 23
2 20 22 24
2 21 23 24
3 4 7 24
3 4 8 23
3 4 9 22
3 4 10 21
3 4 11 20
3 4 12 19
3 4 13 18
3 4 14 17
3 4 15 16
3 5 8 24
3 5 9 23
3 5 10 22
3 5 11 21
3 5 12 20
3 5 13 19
3 5 14 18
3 5 15 17
3 6 9 24
3 6 10 23
3 6 11 22
3 6 12 21
3 6 13 20
3 6 14 19
3 6 15 18
3 6 16 17
3 7 10 24
3 7 11 23
3 7 12 22
3 7 13 21
3 7 14 20
3 7 15 19
3 7 16 18
3 8 11 24
3 8 12 23
3 8 13 22
3 8 14 21
3 8 15 20
3 8 16 19
3 8 17 18
3 9 12 24
3 9 13 23
3 9 14 22
3 9 15 21
3 9 16 20
3 9 17 19
3 10 13 24
3 10 14 23
3 10 15 22
3 10 16 21
3 10 17 20
3 10 18 19
3 11 14 24
3 11 15 23
3 11 16 22
3 11 17 21
3 11 18 20
3 12 15 24
3 12 16 23
3 12 17 22
3 12 18 21
3 12 19 20
3 13 16 24
3 13 17 23
3 13 18 22
3 13 19 21
3 14 17 24
3 14 18 23
3 14 19 22
3 14 20 21
3 15 18 24
3 15 19 23
3 15 20 22
3 16 19 24
3 16 20 23
3 16 21 22
3 17 20 24
3 17 21 23
3 18 21 24
3 18 22 23
3 19 22 24
3 20 23 24
4 5 9 24
4 5 10 23
4 5 11 22
4 5 12 21
4 5 13 20
4 5 14 19
4 5 15 18
4 5 16 17
4 6 10 24
4 6 11 23
4 6 12 22
4 6 13 21
4 6 14 20
4 6 15 19
4 6 16 18
4 7 11 24
4 7 12 23
4 7 13 22
4 7 14 21
4 7 15 20
4 7 16 19
4 7 17 18
4 8 12 24
4 8 13 23
4 8 14 22
4 8 15 21
4 8 16 20
4 8 17 19
4 9 13 24
4 9 14 23
4 9 15 22
4 9 16 21
4 9 17 20
4 9 18 19
4 10 14 24
4 10 15 23
4 10 16 22
4 10 17 21
4 10 18 20
4 11 15 24
4 11 16 23
4 11 17 22
4 11 18 21
4 11 19 20
4 12 16 24
4 12 17 23
4 12 18 22
4 12 19 21
4 13 17 24
4 13 18 23
4 13 19 22
4 13 20 21
4 14 18 24
4 14 19 23
4 14 20 22
4 15 19 24
4 15 20 23
4 15 21 22
4 16 20 24
4 16 21 23
4 17 21 24
4 17 22 23
4 18 22 24
4 19 23 24
5 6 11 24
5 6 12 23
5 6 13 22
5 6 14 21
5 6 15 20
5 6 16 19
5 6 17 18
5 7 12 24
5 7 13 23
5 7 14 22
5 7 15 21
5 7 16 20
5 7 17 19
5 8 13 24
5 8 14 23
5 8 15 22
5 8 16 21
5 8 17 20
5 8 18 19
5 9 14 24
5 9 15 23
5 9 16 22
5 9 17 21
5 9 18 20
5 10 15 24
5 10 16 23
5 10 17 22
5 10 18 21
5 10 19 20
5 11 16 24
5 11 17 23
5 11 18 22
5 11 19 21
5 12 17 24
5 12 18 23
5 12 19 22
5 12 20 21
5 13 18 24
5 13 19 23
5 13 20 22
5 14 19 24
5 14 20 23
5 14 21 22
5 15 20 24
5 15 21 23
5 16 21 24
5 16 22 23
5 17 22 24
5 18 23 24
6 7 13 24
6 7 14 23
6 7 15 22
6 7 16 21
6 7 17 20
6 7 18 19
6 8 14 24
6 8 15 23
6 8 16 22
6 8 17 21
6 8 18 20
6 9 15 24
6 9 16 23
6 9 17 22
6 9 18 21
6 9 19 20
6 10 16 24
6 10 17 23
6 10 18 22
6 10 19 21
6 11 17 24
6 11 18 23
6 11 19 22
6 11 20 21
6 12 18 24
6 12 19 23
6 12 20 22
6 13 19 24
6 13 20 23
6 13 21 22
6 14 20 24
6 14 21 23
6 15 21 24
6 15 22 23
6 16 22 24
6 17 23 24
7 8 15 24
7 8 16 23
7 8 17 22
7 8 18 21
7 8 19 20
7 9 16 24
7 9 17 23
7 9 18 22
7 9 19 21
7 10 17 24
7 10 18 23
7 10 19 22
7 10 20 21
7 11 18 24
7 11 19 23
7 11 20 22
7 12 19 24
7 12 20 23
7 12 21 22
7 13 20 24
7 13 21 23
7 14 21 24
7 14 22 23
7 15 22 24
7 16 23 24
8 9 17 24
8 9 18 23
8 9 19 22
8 9 20 21
8 10 18 24
8 10 19 23
8 10 20 22
8 11 19 24
8 11 20 23
8 11 21 22
8 12 20 24
8 12 21 23
8 13 21 24
8 13 22 23
8 14 22 24
8 15 23 24
9 10 19 24
9 10 20 23
9 10 21 22
9 11 20 24
9 11 21 23
9 12 21 24
9 12 22 23
9 13 22 24
9 14 23 24
10 11 21 24
10 11 22 23
10 12 22 24
10 13 23 24
11 12 23 24
506